<?xml version="1.0" encoding="UTF-8"?>
<!-- Generated by org.testng.reporters.JUnitReportReporter -->
<testsuite hostname="DESKTOP-ONP6O37" failures="0" tests="4" name="CucumberOptions.TestNGRunner" time="0.202" errors="0" timestamp="2024-12-17T20:46:47 IST" skipped="0">
  <testcase classname="CucumberOptions.TestNGRunner" name="runScenario" time="0.022"/>
  <testcase classname="CucumberOptions.TestNGRunner" name="runScenario" time="0.016"/>
  <testcase classname="CucumberOptions.TestNGRunner" name="runScenario" time="0.022"/>
  <testcase classname="CucumberOptions.TestNGRunner" name="runScenario" time="0.142"/>
</testsuite> <!-- CucumberOptions.TestNGRunner -->
